<?xml version="1.0" encoding="UTF-8"?>
<testng-results ignored="0" total="1" passed="1" failed="0" skipped="0">
  <reporter-output>
  </reporter-output>
  <suite started-at="2024-07-07T06:05:48 IST" name="Default suite" finished-at="2024-07-07T06:06:06 IST" duration-ms="17930">
    <groups>
    </groups>
    <test started-at="2024-07-07T06:05:48 IST" name="Default test" finished-at="2024-07-07T06:06:06 IST" duration-ms="17930">
      <class name="test2.Windows">
        <test-method is-config="true" signature="url()[pri:0, instance:test2.Windows@7526515b]" started-at="2024-07-07T06:05:48 IST" name="url" finished-at="2024-07-07T06:05:59 IST" duration-ms="11283" status="PASS">
          <reporter-output>
          </reporter-output>
        </test-method> <!-- url -->
        <test-method signature="t1()[pri:0, instance:test2.Windows@7526515b]" started-at="2024-07-07T06:05:59 IST" name="t1" finished-at="2024-07-07T06:06:05 IST" duration-ms="6096" status="PASS">
          <reporter-output>
          </reporter-output>
        </test-method> <!-- t1 -->
        <test-method is-config="true" signature="end()[pri:0, instance:test2.Windows@7526515b]" started-at="2024-07-07T06:06:05 IST" name="end" finished-at="2024-07-07T06:06:06 IST" duration-ms="481" status="PASS">
          <reporter-output>
          </reporter-output>
        </test-method> <!-- end -->
      </class> <!-- test2.Windows -->
    </test> <!-- Default test -->
  </suite> <!-- Default suite -->
</testng-results>
